<?xml version="1.0" encoding="UTF-8"?>
<testng-results skipped="0" failed="0" ignored="0" total="2" passed="2">
  <reporter-output>
  </reporter-output>
  <suite name="Default suite" duration-ms="2963" started-at="2017-10-23T20:18:09Z" finished-at="2017-10-23T20:18:12Z">
    <groups>
    </groups>
    <test name="Default test" duration-ms="2963" started-at="2017-10-23T20:18:09Z" finished-at="2017-10-23T20:18:12Z">
      <class name="test.Test2daEntrega">
        <test-method status="PASS" signature="testCrearUsers()[pri:0, instance:test.Test2daEntrega@5542c4ed]" name="testCrearUsers" duration-ms="2905" started-at="2017-10-23T17:18:09Z" finished-at="2017-10-23T17:18:12Z">
          <reporter-output>
          </reporter-output>
        </test-method> <!-- testCrearUsers -->
        <test-method status="PASS" signature="testGetUsers()[pri:0, instance:test.Test2daEntrega@5542c4ed]" name="testGetUsers" duration-ms="38" started-at="2017-10-23T17:18:12Z" depends-on-methods="test.Test2daEntrega.testCrearUsers" finished-at="2017-10-23T17:18:12Z">
          <reporter-output>
          </reporter-output>
        </test-method> <!-- testGetUsers -->
      </class> <!-- test.Test2daEntrega -->
    </test> <!-- Default test -->
  </suite> <!-- Default suite -->
</testng-results>
